2018-05-31 13:56:07,046 file.manager INFO 1.2.0
2018-05-31 13:56:07,046 file.manager INFO Copyright (C) 2003-2010
2018-05-31 13:56:07,046 file.manager INFO   Noriaki Ando
2018-05-31 13:56:07,048 file.manager INFO   Intelligent Systems Research Institute, AIST
2018-05-31 13:56:07,048 file.manager INFO Manager starting.
2018-05-31 13:56:07,048 file.manager INFO Starting local logging.
2018-05-31 13:56:07,075 file.manager.namingmanager INFO NameServer connection succeeded: corba/localhost
2018-05-31 13:56:09,085 file.ManagerServant INFO Master manager not found
2018-05-31 13:56:09,086 file.LocalServiceAdmin INFO All the local services are enabled.
2018-05-31 13:56:09,108 file.manager INFO Component type conf file: RobotController.conf loaded.
2018-05-31 13:56:09,115 file.ec_base INFO setRate(1000000.000000) done
2018-05-31 13:56:09,115 file.ec_base INFO setRate(1000.000000) done
2018-05-31 13:56:09,115 file.rtobject INFO 1 execution context was created.
2018-05-31 13:56:09,122 file.rtobject INFO Initial active configuration set is default.
2018-05-31 13:56:14,855 file.SdoServiceAdmin WARNING No available SDO service in the factory: 
2018-05-31 13:56:14,857 file.SdoServiceAdmin ERROR type  already exists.
2018-05-31 13:56:21,150 file.ManagerServant INFO Master manager not found
2018-05-31 13:56:33,410 file.ManagerServant INFO Master manager not found
2018-05-31 13:56:45,697 file.ManagerServant INFO Master manager not found
2018-05-31 13:56:52,026 file.SdoServiceAdmin INFO SDO service has been deleted: dd493a81-cd73-4577-8b00-1309de6b754e
2018-05-31 13:56:58,085 file.ManagerServant INFO Master manager not found
2018-05-31 13:57:01,085 file.SdoServiceAdmin WARNING ('Specified SDO consumer not found: %s', 'dd493a81-cd73-4577-8b00-1309de6b754e')
2018-05-31 13:57:02,184 file.SdoServiceAdmin WARNING ('Specified SDO consumer not found: %s', 'dd493a81-cd73-4577-8b00-1309de6b754e')
2018-05-31 13:57:03,278 file.SdoServiceAdmin WARNING ('Specified SDO consumer not found: %s', 'dd493a81-cd73-4577-8b00-1309de6b754e')
2018-05-31 13:57:04,286 file.SdoServiceAdmin WARNING ('Specified SDO consumer not found: %s', 'dd493a81-cd73-4577-8b00-1309de6b754e')
2018-05-31 13:57:05,295 file.SdoServiceAdmin WARNING ('Specified SDO consumer not found: %s', 'dd493a81-cd73-4577-8b00-1309de6b754e')
2018-05-31 13:57:06,296 file.SdoServiceAdmin WARNING ('Specified SDO consumer not found: %s', 'dd493a81-cd73-4577-8b00-1309de6b754e')
2018-05-31 13:57:07,302 file.SdoServiceAdmin WARNING ('Specified SDO consumer not found: %s', 'dd493a81-cd73-4577-8b00-1309de6b754e')
2018-05-31 13:57:08,309 file.SdoServiceAdmin WARNING ('Specified SDO consumer not found: %s', 'dd493a81-cd73-4577-8b00-1309de6b754e')
2018-05-31 13:57:09,313 file.SdoServiceAdmin WARNING ('Specified SDO consumer not found: %s', 'dd493a81-cd73-4577-8b00-1309de6b754e')
2018-05-31 13:57:10,196 file.ManagerServant INFO Master manager not found
2018-05-31 13:57:10,312 file.SdoServiceAdmin WARNING ('Specified SDO consumer not found: %s', 'dd493a81-cd73-4577-8b00-1309de6b754e')
2018-05-31 13:57:11,318 file.SdoServiceAdmin WARNING ('Specified SDO consumer not found: %s', 'dd493a81-cd73-4577-8b00-1309de6b754e')
2018-05-31 13:57:12,321 file.SdoServiceAdmin WARNING ('Specified SDO consumer not found: %s', 'dd493a81-cd73-4577-8b00-1309de6b754e')
2018-05-31 13:57:13,319 file.SdoServiceAdmin WARNING ('Specified SDO consumer not found: %s', 'dd493a81-cd73-4577-8b00-1309de6b754e')
2018-05-31 13:57:14,328 file.SdoServiceAdmin WARNING ('Specified SDO consumer not found: %s', 'dd493a81-cd73-4577-8b00-1309de6b754e')
2018-05-31 13:57:15,332 file.SdoServiceAdmin WARNING ('Specified SDO consumer not found: %s', 'dd493a81-cd73-4577-8b00-1309de6b754e')
2018-05-31 13:57:16,335 file.SdoServiceAdmin WARNING ('Specified SDO consumer not found: %s', 'dd493a81-cd73-4577-8b00-1309de6b754e')
2018-05-31 13:57:17,338 file.SdoServiceAdmin WARNING ('Specified SDO consumer not found: %s', 'dd493a81-cd73-4577-8b00-1309de6b754e')
2018-05-31 13:57:18,339 file.SdoServiceAdmin WARNING ('Specified SDO consumer not found: %s', 'dd493a81-cd73-4577-8b00-1309de6b754e')
2018-05-31 13:57:19,341 file.SdoServiceAdmin WARNING ('Specified SDO consumer not found: %s', 'dd493a81-cd73-4577-8b00-1309de6b754e')
2018-05-31 13:57:20,355 file.SdoServiceAdmin WARNING ('Specified SDO consumer not found: %s', 'dd493a81-cd73-4577-8b00-1309de6b754e')
2018-05-31 13:57:21,358 file.SdoServiceAdmin WARNING ('Specified SDO consumer not found: %s', 'dd493a81-cd73-4577-8b00-1309de6b754e')
2018-05-31 13:57:22,312 file.ManagerServant INFO Master manager not found
2018-05-31 13:57:22,359 file.SdoServiceAdmin WARNING ('Specified SDO consumer not found: %s', 'dd493a81-cd73-4577-8b00-1309de6b754e')
2018-05-31 13:57:23,365 file.SdoServiceAdmin WARNING ('Specified SDO consumer not found: %s', 'dd493a81-cd73-4577-8b00-1309de6b754e')
2018-05-31 13:57:24,377 file.SdoServiceAdmin WARNING ('Specified SDO consumer not found: %s', 'dd493a81-cd73-4577-8b00-1309de6b754e')
2018-05-31 13:57:25,382 file.SdoServiceAdmin WARNING ('Specified SDO consumer not found: %s', 'dd493a81-cd73-4577-8b00-1309de6b754e')
2018-05-31 13:57:26,380 file.SdoServiceAdmin WARNING ('Specified SDO consumer not found: %s', 'dd493a81-cd73-4577-8b00-1309de6b754e')
2018-05-31 13:57:27,378 file.SdoServiceAdmin WARNING ('Specified SDO consumer not found: %s', 'dd493a81-cd73-4577-8b00-1309de6b754e')
2018-05-31 13:57:28,378 file.SdoServiceAdmin WARNING ('Specified SDO consumer not found: %s', 'dd493a81-cd73-4577-8b00-1309de6b754e')
2018-05-31 13:57:29,413 file.SdoServiceAdmin WARNING ('Specified SDO consumer not found: %s', 'dd493a81-cd73-4577-8b00-1309de6b754e')
2018-05-31 13:57:30,413 file.SdoServiceAdmin WARNING ('Specified SDO consumer not found: %s', 'dd493a81-cd73-4577-8b00-1309de6b754e')
2018-05-31 13:57:31,473 file.SdoServiceAdmin WARNING ('Specified SDO consumer not found: %s', 'dd493a81-cd73-4577-8b00-1309de6b754e')
2018-05-31 13:57:32,469 file.SdoServiceAdmin WARNING ('Specified SDO consumer not found: %s', 'dd493a81-cd73-4577-8b00-1309de6b754e')
2018-05-31 13:57:33,469 file.SdoServiceAdmin WARNING ('Specified SDO consumer not found: %s', 'dd493a81-cd73-4577-8b00-1309de6b754e')
2018-05-31 13:57:34,513 file.SdoServiceAdmin WARNING ('Specified SDO consumer not found: %s', 'dd493a81-cd73-4577-8b00-1309de6b754e')
2018-05-31 13:57:34,513 file.ManagerServant INFO Master manager not found
2018-05-31 13:57:35,568 file.SdoServiceAdmin WARNING ('Specified SDO consumer not found: %s', 'dd493a81-cd73-4577-8b00-1309de6b754e')
2018-05-31 13:57:36,569 file.SdoServiceAdmin WARNING ('Specified SDO consumer not found: %s', 'dd493a81-cd73-4577-8b00-1309de6b754e')
2018-05-31 13:57:37,612 file.SdoServiceAdmin WARNING ('Specified SDO consumer not found: %s', 'dd493a81-cd73-4577-8b00-1309de6b754e')
2018-05-31 13:57:38,668 file.SdoServiceAdmin WARNING ('Specified SDO consumer not found: %s', 'dd493a81-cd73-4577-8b00-1309de6b754e')
2018-05-31 13:57:39,713 file.SdoServiceAdmin WARNING ('Specified SDO consumer not found: %s', 'dd493a81-cd73-4577-8b00-1309de6b754e')
2018-05-31 13:57:40,713 file.SdoServiceAdmin WARNING ('Specified SDO consumer not found: %s', 'dd493a81-cd73-4577-8b00-1309de6b754e')
2018-05-31 13:57:41,779 file.SdoServiceAdmin WARNING ('Specified SDO consumer not found: %s', 'dd493a81-cd73-4577-8b00-1309de6b754e')
2018-05-31 13:57:42,815 file.SdoServiceAdmin WARNING ('Specified SDO consumer not found: %s', 'dd493a81-cd73-4577-8b00-1309de6b754e')
2018-05-31 13:57:43,920 file.SdoServiceAdmin WARNING ('Specified SDO consumer not found: %s', 'dd493a81-cd73-4577-8b00-1309de6b754e')
2018-05-31 13:57:44,969 file.SdoServiceAdmin WARNING ('Specified SDO consumer not found: %s', 'dd493a81-cd73-4577-8b00-1309de6b754e')
2018-05-31 13:57:46,013 file.SdoServiceAdmin WARNING ('Specified SDO consumer not found: %s', 'dd493a81-cd73-4577-8b00-1309de6b754e')
2018-05-31 13:57:46,772 file.ManagerServant INFO Master manager not found
2018-05-31 13:57:47,114 file.SdoServiceAdmin WARNING ('Specified SDO consumer not found: %s', 'dd493a81-cd73-4577-8b00-1309de6b754e')
2018-05-31 13:57:48,168 file.SdoServiceAdmin WARNING ('Specified SDO consumer not found: %s', 'dd493a81-cd73-4577-8b00-1309de6b754e')
2018-05-31 13:57:49,219 file.SdoServiceAdmin WARNING ('Specified SDO consumer not found: %s', 'dd493a81-cd73-4577-8b00-1309de6b754e')
2018-05-31 13:57:50,312 file.SdoServiceAdmin WARNING ('Specified SDO consumer not found: %s', 'dd493a81-cd73-4577-8b00-1309de6b754e')
2018-05-31 13:57:51,312 file.SdoServiceAdmin WARNING ('Specified SDO consumer not found: %s', 'dd493a81-cd73-4577-8b00-1309de6b754e')
2018-05-31 13:57:52,413 file.SdoServiceAdmin WARNING ('Specified SDO consumer not found: %s', 'dd493a81-cd73-4577-8b00-1309de6b754e')
2018-05-31 13:57:53,470 file.SdoServiceAdmin WARNING ('Specified SDO consumer not found: %s', 'dd493a81-cd73-4577-8b00-1309de6b754e')
2018-05-31 13:57:54,517 file.SdoServiceAdmin WARNING ('Specified SDO consumer not found: %s', 'dd493a81-cd73-4577-8b00-1309de6b754e')
2018-05-31 13:57:55,569 file.SdoServiceAdmin WARNING ('Specified SDO consumer not found: %s', 'dd493a81-cd73-4577-8b00-1309de6b754e')
2018-05-31 13:57:56,568 file.SdoServiceAdmin WARNING ('Specified SDO consumer not found: %s', 'dd493a81-cd73-4577-8b00-1309de6b754e')
2018-05-31 13:57:57,612 file.SdoServiceAdmin WARNING ('Specified SDO consumer not found: %s', 'dd493a81-cd73-4577-8b00-1309de6b754e')
2018-05-31 13:57:58,615 file.SdoServiceAdmin WARNING ('Specified SDO consumer not found: %s', 'dd493a81-cd73-4577-8b00-1309de6b754e')
2018-05-31 13:57:59,013 file.ManagerServant INFO Master manager not found
2018-05-31 13:57:59,671 file.SdoServiceAdmin WARNING ('Specified SDO consumer not found: %s', 'dd493a81-cd73-4577-8b00-1309de6b754e')
2018-05-31 13:58:00,713 file.SdoServiceAdmin WARNING ('Specified SDO consumer not found: %s', 'dd493a81-cd73-4577-8b00-1309de6b754e')
2018-05-31 13:58:01,767 file.SdoServiceAdmin WARNING ('Specified SDO consumer not found: %s', 'dd493a81-cd73-4577-8b00-1309de6b754e')
2018-05-31 13:58:02,812 file.SdoServiceAdmin WARNING ('Specified SDO consumer not found: %s', 'dd493a81-cd73-4577-8b00-1309de6b754e')
2018-05-31 13:58:03,869 file.SdoServiceAdmin WARNING ('Specified SDO consumer not found: %s', 'dd493a81-cd73-4577-8b00-1309de6b754e')
2018-05-31 13:58:04,913 file.SdoServiceAdmin WARNING ('Specified SDO consumer not found: %s', 'dd493a81-cd73-4577-8b00-1309de6b754e')
2018-05-31 13:58:05,168 file.SdoServiceAdmin WARNING No available SDO service in the factory: 
2018-05-31 13:58:05,168 file.SdoServiceAdmin ERROR type  already exists.
2018-05-31 13:58:05,967 file.SdoServiceAdmin WARNING ('Specified SDO consumer not found: %s', 'dd493a81-cd73-4577-8b00-1309de6b754e')
2018-05-31 13:58:07,012 file.SdoServiceAdmin WARNING ('Specified SDO consumer not found: %s', 'dd493a81-cd73-4577-8b00-1309de6b754e')
2018-05-31 13:58:08,069 file.SdoServiceAdmin WARNING ('Specified SDO consumer not found: %s', 'dd493a81-cd73-4577-8b00-1309de6b754e')
2018-05-31 13:58:09,112 file.SdoServiceAdmin WARNING ('Specified SDO consumer not found: %s', 'dd493a81-cd73-4577-8b00-1309de6b754e')
2018-05-31 13:58:10,167 file.SdoServiceAdmin WARNING ('Specified SDO consumer not found: %s', 'dd493a81-cd73-4577-8b00-1309de6b754e')
2018-05-31 13:58:11,269 file.SdoServiceAdmin WARNING ('Specified SDO consumer not found: %s', 'dd493a81-cd73-4577-8b00-1309de6b754e')
2018-05-31 13:58:12,267 file.SdoServiceAdmin WARNING ('Specified SDO consumer not found: %s', 'dd493a81-cd73-4577-8b00-1309de6b754e')
2018-05-31 13:58:12,713 file.ManagerServant INFO Master manager not found
2018-05-31 13:58:13,312 file.SdoServiceAdmin WARNING ('Specified SDO consumer not found: %s', 'dd493a81-cd73-4577-8b00-1309de6b754e')
2018-05-31 13:58:14,316 file.SdoServiceAdmin WARNING ('Specified SDO consumer not found: %s', 'dd493a81-cd73-4577-8b00-1309de6b754e')
2018-05-31 13:58:15,413 file.SdoServiceAdmin WARNING ('Specified SDO consumer not found: %s', 'dd493a81-cd73-4577-8b00-1309de6b754e')
