2018-05-31 13:58:28,836 file.manager INFO 1.2.0
2018-05-31 13:58:28,838 file.manager INFO Copyright (C) 2003-2010
2018-05-31 13:58:28,838 file.manager INFO   Noriaki Ando
2018-05-31 13:58:28,839 file.manager INFO   Intelligent Systems Research Institute, AIST
2018-05-31 13:58:28,839 file.manager INFO Manager starting.
2018-05-31 13:58:28,839 file.manager INFO Starting local logging.
2018-05-31 13:58:29,644 file.manager.namingmanager INFO NameServer connection succeeded: corba/localhost
2018-05-31 13:58:31,776 file.ManagerServant INFO Master manager not found
2018-05-31 13:58:31,802 file.LocalServiceAdmin INFO All the local services are enabled.
2018-05-31 13:58:31,812 file.manager INFO Component type conf file: RobotController.conf loaded.
2018-05-31 13:58:31,859 file.ec_base INFO setRate(1000000.000000) done
2018-05-31 13:58:31,861 file.ec_base INFO setRate(1000.000000) done
2018-05-31 13:58:31,885 file.rtobject INFO 1 execution context was created.
2018-05-31 13:58:31,891 file.rtobject INFO Initial active configuration set is default.
2018-05-31 13:58:42,342 file.SdoServiceAdmin WARNING No available SDO service in the factory: 
2018-05-31 13:58:42,342 file.SdoServiceAdmin ERROR type  already exists.
2018-05-31 13:58:44,891 file.ManagerServant INFO Master manager not found
2018-05-31 13:58:59,213 file.ManagerServant INFO Master manager not found
2018-05-31 13:59:13,903 file.ManagerServant INFO Master manager not found
2018-05-31 13:59:18,411 file.SdoServiceAdmin INFO SDO service has been deleted: fd0cbd79-533d-4cd2-8666-225c351d7918
2018-05-31 13:59:26,313 file.SdoServiceAdmin WARNING ('Specified SDO consumer not found: %s', 'fd0cbd79-533d-4cd2-8666-225c351d7918')
2018-05-31 13:59:27,510 file.SdoServiceAdmin WARNING ('Specified SDO consumer not found: %s', 'fd0cbd79-533d-4cd2-8666-225c351d7918')
2018-05-31 13:59:28,601 file.SdoServiceAdmin WARNING ('Specified SDO consumer not found: %s', 'fd0cbd79-533d-4cd2-8666-225c351d7918')
2018-05-31 13:59:29,611 file.SdoServiceAdmin WARNING ('Specified SDO consumer not found: %s', 'fd0cbd79-533d-4cd2-8666-225c351d7918')
2018-05-31 13:59:30,611 file.SdoServiceAdmin WARNING ('Specified SDO consumer not found: %s', 'fd0cbd79-533d-4cd2-8666-225c351d7918')
2018-05-31 13:59:30,713 file.ManagerServant INFO Master manager not found
2018-05-31 13:59:31,700 file.SdoServiceAdmin WARNING ('Specified SDO consumer not found: %s', 'fd0cbd79-533d-4cd2-8666-225c351d7918')
2018-05-31 13:59:32,703 file.SdoServiceAdmin WARNING ('Specified SDO consumer not found: %s', 'fd0cbd79-533d-4cd2-8666-225c351d7918')
2018-05-31 13:59:33,700 file.SdoServiceAdmin WARNING ('Specified SDO consumer not found: %s', 'fd0cbd79-533d-4cd2-8666-225c351d7918')
2018-05-31 13:59:34,703 file.SdoServiceAdmin WARNING ('Specified SDO consumer not found: %s', 'fd0cbd79-533d-4cd2-8666-225c351d7918')
2018-05-31 13:59:35,706 file.SdoServiceAdmin WARNING ('Specified SDO consumer not found: %s', 'fd0cbd79-533d-4cd2-8666-225c351d7918')
2018-05-31 13:59:36,709 file.SdoServiceAdmin WARNING ('Specified SDO consumer not found: %s', 'fd0cbd79-533d-4cd2-8666-225c351d7918')
2018-05-31 13:59:37,710 file.SdoServiceAdmin WARNING ('Specified SDO consumer not found: %s', 'fd0cbd79-533d-4cd2-8666-225c351d7918')
2018-05-31 13:59:38,710 file.SdoServiceAdmin WARNING ('Specified SDO consumer not found: %s', 'fd0cbd79-533d-4cd2-8666-225c351d7918')
2018-05-31 13:59:39,714 file.SdoServiceAdmin WARNING ('Specified SDO consumer not found: %s', 'fd0cbd79-533d-4cd2-8666-225c351d7918')
2018-05-31 13:59:40,717 file.SdoServiceAdmin WARNING ('Specified SDO consumer not found: %s', 'fd0cbd79-533d-4cd2-8666-225c351d7918')
2018-05-31 13:59:41,726 file.SdoServiceAdmin WARNING ('Specified SDO consumer not found: %s', 'fd0cbd79-533d-4cd2-8666-225c351d7918')
2018-05-31 13:59:42,733 file.SdoServiceAdmin WARNING ('Specified SDO consumer not found: %s', 'fd0cbd79-533d-4cd2-8666-225c351d7918')
2018-05-31 13:59:43,102 file.ManagerServant INFO Master manager not found
2018-05-31 13:59:43,734 file.SdoServiceAdmin WARNING ('Specified SDO consumer not found: %s', 'fd0cbd79-533d-4cd2-8666-225c351d7918')
2018-05-31 13:59:44,740 file.SdoServiceAdmin WARNING ('Specified SDO consumer not found: %s', 'fd0cbd79-533d-4cd2-8666-225c351d7918')
2018-05-31 13:59:45,744 file.SdoServiceAdmin WARNING ('Specified SDO consumer not found: %s', 'fd0cbd79-533d-4cd2-8666-225c351d7918')
2018-05-31 13:59:46,744 file.SdoServiceAdmin WARNING ('Specified SDO consumer not found: %s', 'fd0cbd79-533d-4cd2-8666-225c351d7918')
2018-05-31 13:59:47,740 file.SdoServiceAdmin WARNING ('Specified SDO consumer not found: %s', 'fd0cbd79-533d-4cd2-8666-225c351d7918')
2018-05-31 13:59:48,746 file.SdoServiceAdmin WARNING ('Specified SDO consumer not found: %s', 'fd0cbd79-533d-4cd2-8666-225c351d7918')
2018-05-31 13:59:49,752 file.SdoServiceAdmin WARNING ('Specified SDO consumer not found: %s', 'fd0cbd79-533d-4cd2-8666-225c351d7918')
2018-05-31 13:59:50,757 file.InPortCorbaCdrConsumer ERROR Traceback (most recent call last):
  File "C:\Python27\lib\site-packages\OpenRTM_aist\InPortCorbaCdrConsumer.py", line 157, in put
    return self.convertReturnCode(inportcdr.put(data))
  File "C:\Python27\lib\site-packages\OpenRTM_aist\RTM_IDL\DataPort_idl.py", line 79, in put
    return self._obj.invoke("put", _0_OpenRTM.InPortCdr._d_put, args)
TRANSIENT: CORBA.TRANSIENT(omniORB.TRANSIENT_ConnectFailed, CORBA.COMPLETED_NO)

