2018-06-02 18:29:43,601 file.manager INFO 1.2.0
2018-06-02 18:29:43,601 file.manager INFO Copyright (C) 2003-2010
2018-06-02 18:29:43,601 file.manager INFO   Noriaki Ando
2018-06-02 18:29:43,601 file.manager INFO   Intelligent Systems Research Institute, AIST
2018-06-02 18:29:43,601 file.manager INFO Manager starting.
2018-06-02 18:29:43,601 file.manager INFO Starting local logging.
2018-06-02 18:29:43,618 file.manager.namingmanager INFO NameServer connection succeeded: corba/localhost
2018-06-02 18:29:45,627 file.ManagerServant INFO Master manager not found
2018-06-02 18:29:45,628 file.LocalServiceAdmin INFO All the local services are enabled.
2018-06-02 18:29:45,648 file.manager INFO Component type conf file: RobotController.conf loaded.
2018-06-02 18:29:45,650 file.ec_base INFO setRate(1000000.000000) done
2018-06-02 18:29:45,651 file.ec_base INFO setRate(1000.000000) done
2018-06-02 18:29:45,651 file.rtobject INFO 1 execution context was created.
2018-06-02 18:29:45,653 file.rtobject INFO Initial active configuration set is default.
2018-06-02 18:29:50,250 file.SdoServiceAdmin WARNING No available SDO service in the factory: 
2018-06-02 18:29:50,252 file.SdoServiceAdmin ERROR type  already exists.
2018-06-02 18:29:57,785 file.ManagerServant INFO Master manager not found
2018-06-02 18:30:09,947 file.ManagerServant INFO Master manager not found
2018-06-02 18:30:22,351 file.ManagerServant INFO Master manager not found
2018-06-02 18:30:35,194 file.ManagerServant INFO Master manager not found
2018-06-02 18:30:48,025 file.ManagerServant INFO Master manager not found
2018-06-02 18:31:01,470 file.ManagerServant INFO Master manager not found
2018-06-02 18:31:14,861 file.ManagerServant INFO Master manager not found
2018-06-02 18:31:29,369 file.ManagerServant INFO Master manager not found
2018-06-02 18:31:45,670 file.ManagerServant INFO Master manager not found
2018-06-02 18:31:59,871 file.ManagerServant INFO Master manager not found
2018-06-02 18:32:14,915 file.ManagerServant INFO Master manager not found
2018-06-02 18:32:31,006 file.ManagerServant INFO Master manager not found
2018-06-02 18:32:44,769 file.ManagerServant INFO Master manager not found
2018-06-02 18:32:58,197 file.ManagerServant INFO Master manager not found
2018-06-02 18:33:11,434 file.ManagerServant INFO Master manager not found
2018-06-02 18:33:23,529 file.ManagerServant INFO Master manager not found
2018-06-02 18:33:35,638 file.ManagerServant INFO Master manager not found
2018-06-02 18:33:47,737 file.ManagerServant INFO Master manager not found
2018-06-02 18:33:59,832 file.ManagerServant INFO Master manager not found
2018-06-02 18:34:12,003 file.ManagerServant INFO Master manager not found
2018-06-02 18:34:24,433 file.ManagerServant INFO Master manager not found
2018-06-02 18:34:36,686 file.ManagerServant INFO Master manager not found
2018-06-02 18:34:48,934 file.ManagerServant INFO Master manager not found
2018-06-02 18:35:01,111 file.ManagerServant INFO Master manager not found
2018-06-02 18:35:13,440 file.ManagerServant INFO Master manager not found
2018-06-02 18:35:25,650 file.ManagerServant INFO Master manager not found
2018-06-02 18:35:37,783 file.ManagerServant INFO Master manager not found
2018-06-02 18:35:50,193 file.ManagerServant INFO Master manager not found
2018-06-02 18:36:02,323 file.ManagerServant INFO Master manager not found
2018-06-02 18:36:14,615 file.ManagerServant INFO Master manager not found
2018-06-02 18:36:27,132 file.ManagerServant INFO Master manager not found
2018-06-02 18:36:41,549 file.ManagerServant INFO Master manager not found
2018-06-02 18:36:59,664 file.ManagerServant INFO Master manager not found
2018-06-02 18:37:18,160 file.ManagerServant INFO Master manager not found
2018-06-02 18:37:18,967 file.in WARNING Traceback (most recent call last):
  File "C:\Python27\lib\site-packages\OpenRTM_aist\PortBase.py", line 2297, in checkPorts
    if port._non_existent():
  File "C:\Python27\lib\site-packages\omniORB\CORBA.py", line 559, in _non_existent
    return self._obj.nonExistent()
TRANSIENT: CORBA.TRANSIENT(omniORB.TRANSIENT_ConnectFailed, CORBA.COMPLETED_NO)

2018-06-02 18:37:18,967 file.in WARNING Dead connection: e8f537a8-ff18-419d-895e-b616c8dd6e36
2018-06-02 18:37:19,971 file.in WARNING Traceback (most recent call last):
  File "C:\Python27\lib\site-packages\OpenRTM_aist\PortBase.py", line 870, in disconnect
    return p.notify_disconnect(connector_id)
  File "C:\Python27\lib\site-packages\OpenRTM_aist\RTM_IDL\RTC_idl.py", line 1207, in notify_disconnect
    return self._obj.invoke("notify_disconnect", _0_RTC.PortService._d_notify_disconnect, args)
TRANSIENT: CORBA.TRANSIENT(omniORB.TRANSIENT_ConnectFailed, CORBA.COMPLETED_NO)

2018-06-02 18:37:21,072 file.out WARNING Traceback (most recent call last):
  File "C:\Python27\lib\site-packages\OpenRTM_aist\PortBase.py", line 2297, in checkPorts
    if port._non_existent():
  File "C:\Python27\lib\site-packages\omniORB\CORBA.py", line 559, in _non_existent
    return self._obj.nonExistent()
TRANSIENT: CORBA.TRANSIENT(omniORB.TRANSIENT_ConnectFailed, CORBA.COMPLETED_NO)

2018-06-02 18:37:21,072 file.out WARNING Dead connection: 82ba2ab0-6647-11e8-9f7e-bc9a78563412
2018-06-02 18:37:22,161 file.out WARNING Traceback (most recent call last):
  File "C:\Python27\lib\site-packages\OpenRTM_aist\PortBase.py", line 1659, in disconnectNext
    return p.notify_disconnect(connector_profile.connector_id)
  File "C:\Python27\lib\site-packages\OpenRTM_aist\RTM_IDL\RTC_idl.py", line 1207, in notify_disconnect
    return self._obj.invoke("notify_disconnect", _0_RTC.PortService._d_notify_disconnect, args)
TRANSIENT: CORBA.TRANSIENT(omniORB.TRANSIENT_ConnectFailed, CORBA.COMPLETED_NO)

2018-06-02 18:37:22,394 file.SdoServiceAdmin WARNING No available SDO service in the factory: 
2018-06-02 18:37:22,394 file.SdoServiceAdmin ERROR type  already exists.
2018-06-02 18:37:31,473 file.ManagerServant INFO Master manager not found
2018-06-02 18:37:44,671 file.ManagerServant INFO Master manager not found
2018-06-02 18:37:57,479 file.ManagerServant INFO Master manager not found
2018-06-02 18:38:14,884 file.ManagerServant INFO Master manager not found
2018-06-02 18:38:30,894 file.ManagerServant INFO Master manager not found
2018-06-02 18:38:43,444 file.ManagerServant INFO Master manager not found
2018-06-02 18:38:55,697 file.ManagerServant INFO Master manager not found
2018-06-02 18:39:07,897 file.ManagerServant INFO Master manager not found
2018-06-02 18:39:17,598 file.SdoServiceAdmin WARNING No available SDO service in the factory: 
2018-06-02 18:39:17,598 file.SdoServiceAdmin ERROR type  already exists.
2018-06-02 18:39:20,463 file.ManagerServant INFO Master manager not found
2018-06-02 18:39:32,588 file.ManagerServant INFO Master manager not found
2018-06-02 18:39:45,302 file.ManagerServant INFO Master manager not found
2018-06-02 18:39:57,835 file.ManagerServant INFO Master manager not found
2018-06-02 18:40:09,936 file.ManagerServant INFO Master manager not found
